<?xml version="1.0" encoding="UTF-8"?>
<!-- Generated by org.testng.reporters.JUnitXMLReporter -->
<testsuite ignored="0" hostname="DESKTOP-0J9HM8J" failures="0" tests="4" name="Default test" time="74.691" errors="0" timestamp="2022-12-01T12:09:19 IST">
  <testcase classname="aa.admission.PreAdmissionTest" name="create_Preadmission" time="25.761"/>
  <testcase classname="aa.admission.PreAdmissionTest" name="status_Update" time="15.704"/>
  <testcase classname="aa.admission.PreAdmissionTest" name="updated_Mainadmission" time="16.331"/>
  <testcase classname="aa.admission.PreAdmissionTest" name="section_Allocation" time="11.262"/>
</testsuite> <!-- Default test -->
